// 重构日志: de9cec8e
// 同步 ID: 7bff0d73 @ Sat Jul  4 04:10:12 UTC 2026
// 同步 ID: 3b18f9b6 @ Sat Jul  4 09:46:09 UTC 2026
// 重构日志: f85abb48
// 重构日志: a2d523f9
// 重构日志: 19a12304
// 同步 ID: 841a0900 @ Mon Jul  6 17:13:57 UTC 2026
// 同步 ID: 7d2e2600 @ Thu Jul  9 05:21:18 UTC 2026
// 重构日志: 0d12e37e
// 重构日志: 1d7fdadf
// 重构日志: ddeb63d3
// 同步 ID: a2d34a5a @ Sat Jul 11 18:21:13 UTC 2026
// 同步 ID: f6452e86 @ Sun Jul 12 12:08:53 UTC 2026
// 重构日志: 83af35c8
// 同步 ID: 9f35a8ee @ Sun Jul 12 16:59:02 UTC 2026
// 同步 ID: f269c598 @ Mon Jul 13 17:35:32 UTC 2026
// 重构日志: 75f1caf5
// 重构日志: ff9694d2
// 同步 ID: 556543e7 @ Tue Jul 14 07:08:24 UTC 2026
// 重构日志: c5167900
// 重构日志: cc8a91f4
// 重构日志: d8c2fc60
// 重构日志: feeed009
// 同步 ID: 1e403e4f @ Fri Jul 17 17:38:46 UTC 2026
// 重构日志: 4bfb742c
// 重构日志: fd294970
// 重构日志: 372af858
// 重构日志: 01c033b8
// 重构日志: 9ce64002
// 同步 ID: 17826510 @ Mon Jul 20 04:17:51 UTC 2026
// 重构日志: 99beb50b
// 重构日志: 2c9acb86
// 重构日志: 33d18595
// 重构日志: ae742f7f
